make all --print-data-base --no-builtin-variables --no-builtin-rules --question
# GNU Make 3.81
# Copyright (C) 2006  Free Software Foundation, Inc.
# This is free software; see the source for copying conditions.
# There is NO warranty; not even for MERCHANTABILITY or FITNESS FOR A
# PARTICULAR PURPOSE.

# This program built for i386-apple-darwin11.3.0
 

# Make data base, printed on Fri Oct  7 20:44:00 2022

# Variables

# automatic
<D = $(patsubst %/,%,$(dir $<))
# automatic
?F = $(notdir $?)
# makefile (from `Makefile', line 31)
RM_DIR = rm -rf
# automatic
?D = $(patsubst %/,%,$(dir $?))
# automatic
@D = $(patsubst %/,%,$(dir $@))
# automatic
@F = $(notdir $@)
# makefile
CURDIR := /Users/flagada/Desktop/lem-in
 
# makefile
SHELL = /bin/sh
# makefile (from `Makefile', line 32)
RM = rm	-f
# environment
VSCODE_NLS_CONFIG = {"locale":"fr","availableLanguages":{},"_languagePackSupport":true}
# environment
_ = /usr/bin/make
# makefile (from `Makefile', line 1)
MAKEFILE_LIST :=  Makefile
# makefile (from `Makefile', line 71)
OBJ_DIR = ./objectFiles/
# environment
__CFBundleIdentifier = com.microsoft.VSCode
# environment
VSCODE_CWD = /
# environment
PATH = /usr/local/bin:/usr/bin:/bin:/usr/sbin:/sbin:/usr/local/share/dotnet:~/.dotnet/tools
# environment
LSCOLORS = Gxfxcxdxbxegedabagacad
# environment
ELECTRON_RUN_AS_NODE = 1
# makefile (from `Makefile', line 27)
LIB = -L ./libft/ -lft
# default
.FEATURES := target-specific order-only second-expansion else-if archives jobserver check-symlink
# environment
SSH_AUTH_SOCK = /private/tmp/com.apple.launchd.KPHNkGOtJK/Listeners
# automatic
%F = $(notdir $%)
# makefile (from `Makefile', line 72)
OBJS = $(addprefix $(OBJ_DIR), $(FILES:%.c=%.o))
# environment
PWD = /Users/flagada/Desktop/lem-in
# environment
ORIGINAL_XDG_CURRENT_DESKTOP = undefined
# environment
VSCODE_AMD_ENTRYPOINT = vs/workbench/api/node/extensionHostProcess
# environment
HOME = /Users/flagada
# default
MAKEFILEPATH = $(shell /usr/bin/xcode-select -print-path 2>/dev/null || echo /Developer)/Makefiles
# environment
VSCODE_CODE_CACHE_PATH = /Users/flagada/Library/Application Support/Code/CachedData/b06ae3b2d2dbfe28bca3134cc6be65935cdfea6a
# environment
LOGNAME = flagada
# environment
APPLICATION_INSIGHTS_NO_DIAGNOSTIC_CHANNEL = 1
# environment
ZSH = /Users/flagada/.oh-my-zsh
# environment
VSCODE_HANDLES_UNCAUGHT_ERRORS = true
# automatic
^D = $(patsubst %/,%,$(dir $^))
# environment
XPC_FLAGS = 0x0
# default
MAKE = $(MAKE_COMMAND)
# default
MAKECMDGOALS := all
# environment
SHLVL = 1
# makefile (from `Makefile', line 14)
LIBFT = libft.a
# makefile (from `Makefile', line 17)
CC = gcc
# default
MAKE_VERSION := 3.81
# environment
USER = flagada
# makefile
.DEFAULT_GOAL := all
# makefile (from `Makefile', line 18)
CCFLAGS = -Werror -Wextra -Wall
# makefile (from `Makefile', line 13)
NAME = lem-in
# environment
LESS = -R
# automatic
%D = $(patsubst %/,%,$(dir $%))
# makefile (from `Makefile', line 22)
INCL_LFT = -I ./libft/
# default
MAKE_COMMAND := /Library/Developer/CommandLineTools/usr/bin/make
# default
.VARIABLES := 
# environment
TMPDIR = /var/folders/tg/s_2r8vp967gdf_d7rkv5nx640000gn/T/
# automatic
*F = $(notdir $*)
# environment
VSCODE_IPC_HOOK = /Users/flagada/Library/Application Support/Code/1.69.1-main.sock
# environment
MallocNanoZone = 0
# makefile
MAKEFLAGS = Rrqp
# environment
MFLAGS = -Rrqp
# automatic
*D = $(patsubst %/,%,$(dir $*))
# environment
XPC_SERVICE_NAME = application.com.microsoft.VSCode.69349.69355
# automatic
+D = $(patsubst %/,%,$(dir $+))
# automatic
+F = $(notdir $+)
# environment
__CF_USER_TEXT_ENCODING = 0x1F5:0x0:0x1
# environment
COMMAND_MODE = unix2003
# default
MAKEFILES := 
# makefile (from `Makefile', line 35)
SRC_DIR = ./srcs/
# automatic
<F = $(notdir $<)
# makefile (from `Makefile', line 23)
INCL_PARS = -I ./includes/
# environment
PAGER = less
# environment
LC_ALL = C
# automatic
^F = $(notdir $^)
# default
SUFFIXES := 
# default
 
.INCLUDE_DIRS = /usr/local/include
# environment
MAKELEVEL := 0
# environment
LANG = C
# environment
VSCODE_PID = 1905
# makefile (from `Makefile', line 37)
FILES = main.c malloc_handler.c free_handler.c init_value.c save_links.c mapreader.c mapreader_tools.c get_ants.c parsing_tools.c exit_parsing.c save_data.c save_data_tools.c hashtable_main.c hashtable_malloc.c print_man.c add_node_to_be_visited.c display_result.c get_aug_paths.c get_paths.c handle_error.c history_utils.c list_utils.c paths_utils.c solve.c utils.c free_handler_solve.c find_best_solution.c vector_utils.c handle_start_to_end_path.c 
# variable set hash-table stats:
# Load=75/1024=7%, Rehash=0, Collisions=7/110=6%

# Pattern-specific Variable Values

# No pattern-specific variable values.

# Directories

# . (device 16777220, inode 3211795): 21 files, no impossibilities.
# ./srcs (device 16777220, inode 3212069): No files, no impossibilities so far.

# 21 files, no impossibilities in 2 directories.

# Implicit Rules

objectFiles/%.o: ./srcs/%.c
#  commands to execute (from `Makefile', line 80):
	@mkdir -p $(OBJ_DIR)
	@$(CC) $(CCFLAGS) $(INCL_LFT) $(INCL_PARS) $(INCL_MLX) -o $@ -c $<
	

# 1 implicit rules, 0 (0.0%) terminal.

# Files

# Not a target:
objectFiles/print_man.o:
#  Implicit rule search has not been done.
#  Modification time never checked.
#  File has not been updated.

# Not a target:
objectFiles/history_utils.o:
#  Implicit rule search has not been done.
#  Modification time never checked.
#  File has not been updated.

# Not a target:
objectFiles/get_ants.o:
#  Implicit rule search has not been done.
#  Modification time never checked.
#  File has not been updated.

# Not a target:
objectFiles/free_handler.o:
#  Implicit rule search has not been done.
#  Modification time never checked.
#  File has not been updated.

all: lem-in
#  Phony target (prerequisite of .PHONY).
#  Command-line target.
#  Implicit rule search has not been done.
#  File does not exist.
#  File has been updated.
#  Needs to be updated (-q is set).
# variable set hash-table stats:
# Load=0/32=0%, Rehash=0, Collisions=0/2=0%

# Not a target:
objectFiles/free_handler_solve.o:
#  Implicit rule search has not been done.
#  Modification time never checked.
#  File has not been updated.

# Not a target:
objectFiles/malloc_handler.o:
#  Implicit rule search has not been done.
#  Modification time never checked.
#  File has not been updated.

.PHONY: all re clean fclean
#  Implicit rule search has not been done.
#  Modification time never checked.
#  File has not been updated.

# Not a target:
objectFiles/mapreader.o:
#  Implicit rule search has not been done.
#  Modification time never checked.
#  File has not been updated.

# Not a target:
objectFiles/find_best_solution.o:
#  Implicit rule search has not been done.
#  Modification time never checked.
#  File has not been updated.

# Not a target:
.SUFFIXES:
#  Implicit rule search has not been done.
#  Modification time never checked.
#  File has not been updated.

# Not a target:
Makefile:
#  Implicit rule search has been done.
#  Last modified 2022-10-07 20:43:27
#  File has been updated.
#  Successfully updated.
# variable set hash-table stats:
# Load=0/32=0%, Rehash=0, Collisions=0/0=0%

libft.a:
#  Implicit rule search has not been done.
#  Implicit/static pattern stem: `'
#  File does not exist.
#  File has been updated.
#  Needs to be updated (-q is set).
# automatic
# @ := libft.a
# automatic
# % := 
# automatic
# * := 
# automatic
# + := 
# automatic
# | := 
# automatic
# < := 
# automatic
 
# ^ := 
# automatic
# ? := 
# variable set hash-table stats:
# Load=8/32=25%, Rehash=0, Collisions=1/10=10%
#  commands to execute (from `Makefile', line 84):
	@make -sC ./libft/ 
	

# Not a target:
objectFiles/main.o:
#  Implicit rule search has not been done.
#  Modification time never checked.
#  File has not been updated.

# Not a target:
objectFiles/save_data.o:
#  Implicit rule search has not been done.
#  Modification time never checked.
#  File has not been updated.

# Not a target:
objectFiles/hashtable_main.o:
#  Implicit rule search has not been done.
#  Modification time never checked.
#  File has not been updated.

# Not a target:
objectFiles/solve.o:
#  Implicit rule search has not been done.
#  Modification time never checked.
#  File has not been updated.

# Not a target:
objectFiles/mapreader_tools.o:
#  Implicit rule search has not been done.
#  Modification time never checked.
#  File has not been updated.

fclean: clean
#  Phony target (prerequisite of .PHONY).
#  Implicit rule search has not been done.
#  File does not exist.
#  File has not been updated.
#  commands to execute (from `Makefile', line 93):
	@make -sC ./libft/ fclean
	@$(RM) $(NAME)
	@echo "Lem-in file has been deleted"
	

# Not a target:
objectFiles/handle_start_to_end_path.o:
#  Implicit rule search has not been done.
#  Modification time never checked.
#  File has not been updated.

# Not a target:
.DEFAULT:
#  Implicit rule search has not been done.
#  Modification time never checked.
#  File has not been updated.

# Not a target:
objectFiles/vector_utils.o:
#  Implicit rule search has not been done.
#  Modification time never checked.
#  File has not been updated.

# Not a target:
objectFiles/add_node_to_be_visited.o:
#  Implicit rule search has not been done.
#  Modification time never checked.
#  File has not been updated.

re: fclean all
#  Phony target (prerequisite of .PHONY).
#  Implicit rule search has not been done.
#  File does not exist.
#  File has not been updated.

clean:
#  Phony target (prerequisite of .PHONY).
#  Implicit rule search has not been done.
#  File does not exist.
#  File has not been updated.
#  commands to execute (from `Makefile', line 87):
	@make -sC ./libft/ clean
	@$(RM_DIR) $(OBJ_DIR)
	@echo "Object Files have been deleted"
	

# Not a target:
objectFiles/save_data_tools.o:
#  Implicit rule search has not been done.
#  Modification time never checked.
#  File has not been updated.

# Not a target:
objectFiles/parsing_tools.o:
#  Implicit rule search has not been done.
#  Modification time never checked.
#  File has not been updated.

# Not a target:
objectFiles/utils.o:
#  Implicit rule search has not been done.
#  Modification time never checked.
#  File has not been updated.

# Not a target:
objectFiles/hashtable_malloc.o:
#  Implicit rule search has not been done.
#  Modification time never checked.
#  File has not been updated.

# Not a target:
objectFiles/get_aug_paths.o:
#  Implicit rule search has not been done.
#  Modification time never checked.
#  File has not been updated.

# Not a target:
objectFiles/save_links.o:
#  Implicit rule search has not been done.
#  Modification time never checked.
#  File has not been updated.

# Not a target:
objectFiles/exit_parsing.o:
#  Implicit rule search has not been done.
#  Modification time never checked.
#  File has not been updated.

# Not a target:
objectFiles/paths_utils.o:
#  Implicit rule search has not been done.
#  Modification time never checked.
#  File has not been updated.

# Not a target:
objectFiles/list_utils.o:
#  Implicit rule search has not been done.
#  Modification time never checked.
#  File has not been updated.

# Not a target:
objectFiles/handle_error.o:
#  Implicit rule search has not been done.
#  Modification time never checked.
#  File has not been updated.

# Not a target:
objectFiles/get_paths.o:
#  Implicit rule search has not been done.
#  Modification time never checked.
#  File has not been updated.

# Not a target:
objectFiles/init_value.o:
#  Implicit rule search has not been done.
#  Modification time never checked.
#  File has not been updated.

lem-in: libft.a objectFiles/main.o objectFiles/malloc_handler.o objectFiles/free_handler.o objectFiles/init_value.o objectFiles/save_links.o objectFiles/mapreader.o objectFiles/mapreader_tools.o objectFiles/get_ants.o objectFiles/parsing_tools.o objectFiles/exit_parsing.o objectFiles/save_data.o objectFiles/save_data_tools.o objectFiles/hashtable_main.o objectFiles/hashtable_malloc.o objectFiles/print_man.o objectFiles/add_node_to_be_visited.o objectFiles/display_result.o objectFiles/get_aug_paths.o objectFiles/get_paths.o objectFiles/handle_error.o objectFiles/history_utils.o objectFiles/list_utils.o objectFiles/paths_utils.o objectFiles/solve.o objectFiles/utils.o objectFiles/free_handler_solve.o objectFiles/find_best_solution.o objectFiles/vector_utils.o objectFiles/handle_start_to_end_path.o
#  Implicit rule search has not been done.
#  Last modified 2022-10-07 20:43:30
#  File has been updated.
#  Needs to be updated (-q is set).
# variable set hash-table stats:
# Load=0/32=0%, Rehash=0, Collisions=0/2=0%
#  commands to execute (from `Makefile', line 77):
	@$(CC) $(CCFLAGS) -o $(NAME) $(OBJS) $(LIB) $(MLX) $(FRAMEWORKS)
	

# Not a target:
objectFiles/display_result.o:
#  Implicit rule search has not been done.
#  Modification time never checked.
#  File has not been updated.

# files hash-table stats:
# Load=39/1024=4%, Rehash=0, Collisions=2/91=2%
# VPATH Search Paths

# No `vpath' search paths.

# No general (`VPATH' variable) search path.

# # of strings in strcache: 1
# # of strcache buffers: 1
# strcache size: total = 4096 / max = 4096 / min = 4096 / avg = 4096
# strcache free: total = 4087 / max = 4087 / min = 4087 / avg = 4087

# Finished Make data base on Fri Oct  7 20:44:00 2022

 
